This is pdfTeX, Version 3.14159265-2.6-1.40.20 (TeX Live 2019/MacPorts 2019.50896_0) (preloaded format=pdflatex 2019.5.30)  4 AUG 2019 21:36
entering extended mode
 restricted \write18 enabled.
 %&-line parsing enabled.
**notes
(./notes.tex
LaTeX2e <2018-12-01>
(/opt/local/share/texmf-texlive/tex/latex/base/report.cls
Document Class: report 2018/09/03 v1.4i Standard LaTeX document class
(/opt/local/share/texmf-texlive/tex/latex/base/fleqn.clo
File: fleqn.clo 2016/12/29 v1.2b Standard LaTeX option (flush left equations)
\mathindent=\dimen102
Applying: [2015/01/01] Make \[ robust on input line 50.
LaTeX Info: Redefining \[ on input line 51.
Already applied: [0000/00/00] Make \[ robust on input line 62.
Applying: [2015/01/01] Make \] robust on input line 74.
LaTeX Info: Redefining \] on input line 75.
Already applied: [0000/00/00] Make \] robust on input line 83.
)
(/opt/local/share/texmf-texlive/tex/latex/base/size10.clo
File: size10.clo 2018/09/03 v1.4i Standard LaTeX file (size option)
)
\c@part=\count80
\c@chapter=\count81
\c@section=\count82
\c@subsection=\count83
\c@subsubsection=\count84
\c@paragraph=\count85
\c@subparagraph=\count86
\c@figure=\count87
\c@table=\count88
\abovecaptionskip=\skip41
\belowcaptionskip=\skip42
\bibindent=\dimen103
) (./remhref.sty
(./remmath.sty (/opt/local/share/texmf-texlive/tex/latex/booktabs/booktabs.sty
Package: booktabs 2016/04/27 v1.618033 publication quality tables
\heavyrulewidth=\dimen104
\lightrulewidth=\dimen105
\cmidrulewidth=\dimen106
\belowrulesep=\dimen107
\belowbottomsep=\dimen108
\aboverulesep=\dimen109
\abovetopsep=\dimen110
\cmidrulesep=\dimen111
\cmidrulekern=\dimen112
\defaultaddspace=\dimen113
\@cmidla=\count89
\@cmidlb=\count90
\@aboverulesep=\dimen114
\@belowrulesep=\dimen115
\@thisruleclass=\count91
\@lastruleclass=\count92
\@thisrulewidth=\dimen116
) (/opt/local/share/texmf-texlive/tex/latex/amsmath/amsmath.sty
Package: amsmath 2018/12/01 v2.17b AMS math features
\@mathmargin=\skip43

For additional information on amsmath, use the `?' option.
(/opt/local/share/texmf-texlive/tex/latex/amsmath/amstext.sty
Package: amstext 2000/06/29 v2.01 AMS text

(/opt/local/share/texmf-texlive/tex/latex/amsmath/amsgen.sty
File: amsgen.sty 1999/11/30 v2.0 generic functions
\@emptytoks=\toks14
\ex@=\dimen117
))
(/opt/local/share/texmf-texlive/tex/latex/amsmath/amsbsy.sty
Package: amsbsy 1999/11/29 v1.2d Bold Symbols
\pmbraise@=\dimen118
)
(/opt/local/share/texmf-texlive/tex/latex/amsmath/amsopn.sty
Package: amsopn 2016/03/08 v2.02 operator names
)
\inf@bad=\count93
LaTeX Info: Redefining \frac on input line 223.
\uproot@=\count94
\leftroot@=\count95
LaTeX Info: Redefining \overline on input line 385.
\classnum@=\count96
\DOTSCASE@=\count97
LaTeX Info: Redefining \ldots on input line 482.
LaTeX Info: Redefining \dots on input line 485.
LaTeX Info: Redefining \cdots on input line 606.
\Mathstrutbox@=\box27
\strutbox@=\box28
\big@size=\dimen119
LaTeX Font Info:    Redeclaring font encoding OML on input line 729.
LaTeX Font Info:    Redeclaring font encoding OMS on input line 730.
\macc@depth=\count98
\c@MaxMatrixCols=\count99
\dotsspace@=\muskip10
\c@parentequation=\count100
\dspbrk@lvl=\count101
\tag@help=\toks15
\row@=\count102
\column@=\count103
\maxfields@=\count104
\andhelp@=\toks16
\eqnshift@=\dimen120
\alignsep@=\dimen121
\tagshift@=\dimen122
\tagwidth@=\dimen123
\totwidth@=\dimen124
\lineht@=\dimen125
\@envbody=\toks17
\multlinegap=\skip44
\multlinetaggap=\skip45
\mathdisplay@stack=\toks18
LaTeX Info: Redefining \[ on input line 2844.
LaTeX Info: Redefining \] on input line 2845.
)
(/opt/local/share/texmf-texlive/tex/latex/amsfonts/amssymb.sty
Package: amssymb 2013/01/14 v3.01 AMS font symbols

(/opt/local/share/texmf-texlive/tex/latex/amsfonts/amsfonts.sty
Package: amsfonts 2013/01/14 v3.01 Basic AMSFonts support
\symAMSa=\mathgroup4
\symAMSb=\mathgroup5
LaTeX Font Info:    Overwriting math alphabet `\mathfrak' in version `bold'
(Font)                  U/euf/m/n --> U/euf/b/n on input line 106.
))
(/opt/local/share/texmf-texlive/tex/latex/amscls/amsthm.sty
Package: amsthm 2017/10/31 v2.20.4
\thm@style=\toks19
\thm@bodyfont=\toks20
\thm@headfont=\toks21
\thm@notefont=\toks22
\thm@headpunct=\toks23
\thm@preskip=\skip46
\thm@postskip=\skip47
\thm@headsep=\skip48
\dth@everypar=\toks24
)
(/opt/local/share/texmf-texlive/tex/latex/caption/caption.sty
Package: caption 2018/10/06 v3.3-154 Customizing captions (AR)

(/opt/local/share/texmf-texlive/tex/latex/caption/caption3.sty
Package: caption3 2018/09/12 v1.8c caption3 kernel (AR)
Package caption3 Info: TeX engine: e-TeX on input line 64.

(/opt/local/share/texmf-texlive/tex/latex/graphics/keyval.sty
Package: keyval 2014/10/28 v1.15 key=value parser (DPC)
\KV@toks@=\toks25
)
\captionmargin=\dimen126
\captionmargin@=\dimen127
\captionwidth=\dimen128
\caption@tempdima=\dimen129
\caption@indent=\dimen130
\caption@parindent=\dimen131
\caption@hangindent=\dimen132
)
\c@caption@flags=\count105
\c@ContinuedFloat=\count106
)
(/opt/local/share/texmf-texlive/tex/latex/graphics/epsfig.sty
Package: epsfig 2017/06/25 v1.7b (e)psfig emulation (SPQR)

(/opt/local/share/texmf-texlive/tex/latex/graphics/graphicx.sty
Package: graphicx 2017/06/01 v1.1a Enhanced LaTeX Graphics (DPC,SPQR)

(/opt/local/share/texmf-texlive/tex/latex/graphics/graphics.sty
Package: graphics 2017/06/25 v1.2c Standard LaTeX Graphics (DPC,SPQR)

(/opt/local/share/texmf-texlive/tex/latex/graphics/trig.sty
Package: trig 2016/01/03 v1.10 sin cos tan (DPC)
)
(/opt/local/share/texmf-texlive/tex/latex/graphics-cfg/graphics.cfg
File: graphics.cfg 2016/06/04 v1.11 sample graphics configuration
)
Package graphics Info: Driver file: pdftex.def on input line 99.

(/opt/local/share/texmf-texlive/tex/latex/graphics-def/pdftex.def
File: pdftex.def 2018/01/08 v1.0l Graphics/color driver for pdftex
))
\Gin@req@height=\dimen133
\Gin@req@width=\dimen134
)
\epsfxsize=\dimen135
\epsfysize=\dimen136
)
(/opt/local/share/texmf-texlive/tex/latex/mathtools/mathtools.sty
Package: mathtools 2018/01/08 v1.21 mathematical typesetting tools

(/opt/local/share/texmf-texlive/tex/latex/tools/calc.sty
Package: calc 2017/05/25 v4.3 Infix arithmetic (KKT,FJ)
\calc@Acount=\count107
\calc@Bcount=\count108
\calc@Adimen=\dimen137
\calc@Bdimen=\dimen138
\calc@Askip=\skip49
\calc@Bskip=\skip50
LaTeX Info: Redefining \setlength on input line 80.
LaTeX Info: Redefining \addtolength on input line 81.
\calc@Ccount=\count109
\calc@Cskip=\skip51
)
(/opt/local/share/texmf-texlive/tex/latex/mathtools/mhsetup.sty
Package: mhsetup 2017/03/31 v1.3 programming setup (MH)
)
LaTeX Info: Thecontrolsequence`\('isalreadyrobust on input line 129.
LaTeX Info: Thecontrolsequence`\)'isalreadyrobust on input line 129.
LaTeX Info: Thecontrolsequence`\['isalreadyrobust on input line 129.
LaTeX Info: Thecontrolsequence`\]'isalreadyrobust on input line 129.
\g_MT_multlinerow_int=\count110
\l_MT_multwidth_dim=\dimen139
\origjot=\skip52
\l_MT_shortvdotswithinadjustabove_dim=\dimen140
\l_MT_shortvdotswithinadjustbelow_dim=\dimen141
\l_MT_above_intertext_sep=\dimen142
\l_MT_below_intertext_sep=\dimen143
\l_MT_above_shortintertext_sep=\dimen144
\l_MT_below_shortintertext_sep=\dimen145
)
(/opt/local/share/texmf-texlive/tex/latex/caption/subcaption.sty
Package: subcaption 2018/05/01 v1.1-162 Sub-captions (AR)
\c@subfigure=\count111
\c@subtable=\count112
)
(/opt/local/share/texmf-texlive/tex/latex/tools/verbatim.sty
Package: verbatim 2014/10/28 v1.5q LaTeX2e package for verbatim enhancements
\every@verbatim=\toks26
\verbatim@line=\toks27
\verbatim@in@stream=\read1
)
(/opt/local/share/texmf-texlive/tex/latex/tools/array.sty
Package: array 2018/12/30 v2.4k Tabular extension package (FMi)
\col@sep=\dimen146
\ar@mcellbox=\box29
\extrarowheight=\dimen147
\NC@list=\toks28
\extratabsurround=\skip53
\backup@length=\skip54
\ar@cellbox=\box30
) (./remsymb.sty)
(./remdefs.sty)
\c@thm=\count113
))
(/opt/local/share/texmf-texlive/tex/latex/hyperref/hyperref.sty
Package: hyperref 2018/11/30 v6.88e Hypertext links for LaTeX

(/opt/local/share/texmf-texlive/tex/generic/oberdiek/hobsub-hyperref.sty
Package: hobsub-hyperref 2016/05/16 v1.14 Bundle oberdiek, subset hyperref (HO)


(/opt/local/share/texmf-texlive/tex/generic/oberdiek/hobsub-generic.sty
Package: hobsub-generic 2016/05/16 v1.14 Bundle oberdiek, subset generic (HO)
Package: hobsub 2016/05/16 v1.14 Construct package bundles (HO)
Package: infwarerr 2016/05/16 v1.4 Providing info/warning/error messages (HO)
Package: ltxcmds 2016/05/16 v1.23 LaTeX kernel commands for general use (HO)
Package: ifluatex 2016/05/16 v1.4 Provides the ifluatex switch (HO)
Package ifluatex Info: LuaTeX not detected.
Package: ifvtex 2016/05/16 v1.6 Detect VTeX and its facilities (HO)
Package ifvtex Info: VTeX not detected.
Package: intcalc 2016/05/16 v1.2 Expandable calculations with integers (HO)
Package: ifpdf 2018/09/07 v3.3 Provides the ifpdf switch
Package: etexcmds 2016/05/16 v1.6 Avoid name clashes with e-TeX commands (HO)
Package: kvsetkeys 2016/05/16 v1.17 Key value parser (HO)
Package: kvdefinekeys 2016/05/16 v1.4 Define keys (HO)
Package: pdftexcmds 2018/09/10 v0.29 Utility functions of pdfTeX for LuaTeX (HO
)
Package pdftexcmds Info: LuaTeX not detected.
Package pdftexcmds Info: \pdf@primitive is available.
Package pdftexcmds Info: \pdf@ifprimitive is available.
Package pdftexcmds Info: \pdfdraftmode found.
Package: pdfescape 2016/05/16 v1.14 Implements pdfTeX's escape features (HO)
Package: bigintcalc 2016/05/16 v1.4 Expandable calculations on big integers (HO
)
Package: bitset 2016/05/16 v1.2 Handle bit-vector datatype (HO)
Package: uniquecounter 2016/05/16 v1.3 Provide unlimited unique counter (HO)
)
Package hobsub Info: Skipping package `hobsub' (already loaded).
Package: letltxmacro 2016/05/16 v1.5 Let assignment for LaTeX macros (HO)
Package: hopatch 2016/05/16 v1.3 Wrapper for package hooks (HO)
Package: xcolor-patch 2016/05/16 xcolor patch
Package: atveryend 2016/05/16 v1.9 Hooks at the very end of document (HO)
Package atveryend Info: \enddocument detected (standard20110627).
Package: atbegshi 2016/06/09 v1.18 At begin shipout hook (HO)
Package: refcount 2016/05/16 v3.5 Data extraction from label references (HO)
Package: hycolor 2016/05/16 v1.8 Color options for hyperref/bookmark (HO)
)
(/opt/local/share/texmf-texlive/tex/generic/ifxetex/ifxetex.sty
Package: ifxetex 2010/09/12 v0.6 Provides ifxetex conditional
)
(/opt/local/share/texmf-texlive/tex/latex/oberdiek/auxhook.sty
Package: auxhook 2016/05/16 v1.4 Hooks for auxiliary files (HO)
)
(/opt/local/share/texmf-texlive/tex/latex/oberdiek/kvoptions.sty
Package: kvoptions 2016/05/16 v3.12 Key value format for package options (HO)
)
\@linkdim=\dimen148
\Hy@linkcounter=\count114
\Hy@pagecounter=\count115

(/opt/local/share/texmf-texlive/tex/latex/hyperref/pd1enc.def
File: pd1enc.def 2018/11/30 v6.88e Hyperref: PDFDocEncoding definition (HO)
Now handling font encoding PD1 ...
... no UTF-8 mapping file for font encoding PD1
)
\Hy@SavedSpaceFactor=\count116

(/opt/local/share/texmf-texlive/tex/latex/latexconfig/hyperref.cfg
File: hyperref.cfg 2002/06/06 v1.2 hyperref configuration of TeXLive
)
Package hyperref Info: Hyper figures OFF on input line 4519.
Package hyperref Info: Link nesting OFF on input line 4524.
Package hyperref Info: Hyper index ON on input line 4527.
Package hyperref Info: Plain pages OFF on input line 4534.
Package hyperref Info: Backreferencing OFF on input line 4539.
Package hyperref Info: Implicit mode ON; LaTeX internals redefined.
Package hyperref Info: Bookmarks ON on input line 4772.
\c@Hy@tempcnt=\count117

(/opt/local/share/texmf-texlive/tex/latex/url/url.sty
\Urlmuskip=\muskip11
Package: url 2013/09/16  ver 3.4  Verb mode for urls, etc.
)
LaTeX Info: Redefining \url on input line 5125.
\XeTeXLinkMargin=\dimen149
\Fld@menulength=\count118
\Field@Width=\dimen150
\Fld@charsize=\dimen151
Package hyperref Info: Hyper figures OFF on input line 6380.
Package hyperref Info: Link nesting OFF on input line 6385.
Package hyperref Info: Hyper index ON on input line 6388.
Package hyperref Info: backreferencing OFF on input line 6395.
Package hyperref Info: Link coloring OFF on input line 6400.
Package hyperref Info: Link coloring with OCG OFF on input line 6405.
Package hyperref Info: PDF/A mode OFF on input line 6410.
LaTeX Info: Redefining \ref on input line 6450.
LaTeX Info: Redefining \pageref on input line 6454.
\Hy@abspage=\count119
\c@Item=\count120
\c@Hfootnote=\count121
)
Package hyperref Info: Driver (autodetected): hpdftex.

(/opt/local/share/texmf-texlive/tex/latex/hyperref/hpdftex.def
File: hpdftex.def 2018/11/30 v6.88e Hyperref driver for pdfTeX
\Fld@listcount=\count122
\c@bookmark@seq@number=\count123

(/opt/local/share/texmf-texlive/tex/latex/oberdiek/rerunfilecheck.sty
Package: rerunfilecheck 2016/05/16 v1.8 Rerun checks for auxiliary files (HO)
Package uniquecounter Info: New unique counter `rerunfilecheck' on input line 2
82.
)
\Hy@SectionHShift=\skip55
)
(./notes.aux)
\openout1 = `notes.aux'.

LaTeX Font Info:    Checking defaults for OML/cmm/m/it on input line 4.
LaTeX Font Info:    ... okay on input line 4.
LaTeX Font Info:    Checking defaults for T1/cmr/m/n on input line 4.
LaTeX Font Info:    ... okay on input line 4.
LaTeX Font Info:    Checking defaults for OT1/cmr/m/n on input line 4.
LaTeX Font Info:    ... okay on input line 4.
LaTeX Font Info:    Checking defaults for OMS/cmsy/m/n on input line 4.
LaTeX Font Info:    ... okay on input line 4.
LaTeX Font Info:    Checking defaults for OMX/cmex/m/n on input line 4.
LaTeX Font Info:    ... okay on input line 4.
LaTeX Font Info:    Checking defaults for U/cmr/m/n on input line 4.
LaTeX Font Info:    ... okay on input line 4.
LaTeX Font Info:    Checking defaults for PD1/pdf/m/n on input line 4.
LaTeX Font Info:    ... okay on input line 4.
Package caption Info: Begin \AtBeginDocument code.
Package caption Info: hyperref package is loaded.
Package caption Info: End \AtBeginDocument code.

(/opt/local/share/texmf-texlive/tex/context/base/mkii/supp-pdf.mkii
[Loading MPS to PDF converter (version 2006.09.02).]
\scratchcounter=\count124
\scratchdimen=\dimen152
\scratchbox=\box31
\nofMPsegments=\count125
\nofMParguments=\count126
\everyMPshowfont=\toks29
\MPscratchCnt=\count127
\MPscratchDim=\dimen153
\MPnumerator=\count128
\makeMPintoPDFobject=\count129
\everyMPtoPDFconversion=\toks30
) (/opt/local/share/texmf-texlive/tex/latex/oberdiek/epstopdf-base.sty
Package: epstopdf-base 2016/05/15 v2.6 Base part for package epstopdf

(/opt/local/share/texmf-texlive/tex/latex/oberdiek/grfext.sty
Package: grfext 2016/05/16 v1.2 Manage graphics extensions (HO)
)
Package epstopdf-base Info: Redefining graphics rule for `.eps' on input line 4
38.
Package grfext Info: Graphics extension search list:
(grfext)             [.pdf,.png,.jpg,.mps,.jpeg,.jbig2,.jb2,.PDF,.PNG,.JPG,.JPE
G,.JBIG2,.JB2,.eps]
(grfext)             \AppendGraphicsExtensions on input line 456.

(/opt/local/share/texmf-texlive/tex/latex/latexconfig/epstopdf-sys.cfg
File: epstopdf-sys.cfg 2010/07/13 v1.3 Configuration of (r)epstopdf for TeX Liv
e
))
\AtBeginShipoutBox=\box32
Package hyperref Info: Link coloring OFF on input line 4.

(/opt/local/share/texmf-texlive/tex/latex/hyperref/nameref.sty
Package: nameref 2016/05/21 v2.44 Cross-referencing by name of section

(/opt/local/share/texmf-texlive/tex/generic/oberdiek/gettitlestring.sty
Package: gettitlestring 2016/05/16 v1.5 Cleanup title references (HO)
)
\c@section@level=\count130
)
LaTeX Info: Redefining \ref on input line 4.
LaTeX Info: Redefining \pageref on input line 4.
LaTeX Info: Redefining \nameref on input line 4.

(./notes.out) (./notes.out)
\@outlinefile=\write3
\openout3 = `notes.out'.

LaTeX Font Info:    Try loading font information for U+msa on input line 12.

(/opt/local/share/texmf-texlive/tex/latex/amsfonts/umsa.fd
File: umsa.fd 2013/01/14 v3.01 AMS symbols A
)
LaTeX Font Info:    Try loading font information for U+msb on input line 12.

(/opt/local/share/texmf-texlive/tex/latex/amsfonts/umsb.fd
File: umsb.fd 2013/01/14 v3.01 AMS symbols B
) [1

{/opt/local/var/db/texmf/fonts/map/pdftex/updmap/pdftex.map}] (./notes.tocpdfTe
X warning (ext4): destination with the same identifier (name{page.1}) has been 
already used, duplicate ignored
<to be read again> 
                   \relax 
l.68 ...ules for Differentiation}{50}{section.4.2}
                                                  % [1

])
\tf@toc=\write4
\openout4 = `notes.toc'.

 [2]
Chapter 1.
LaTeX Font Info:    Try loading font information for OMS+cmr on input line 61.
(/opt/local/share/texmf-texlive/tex/latex/base/omscmr.fd
File: omscmr.fd 2014/09/29 v2.5h Standard LaTeX font definitions
)
LaTeX Font Info:    Font shape `OMS/cmr/m/n' in size <10> not available
(Font)              Font shape `OMS/cmsy/m/n' tried instead on input line 61.
 [3

] [4]
Chapter 2.
Package epstopdf Info: Source file: <figure01.eps>
(epstopdf)                    date: 2019-08-04 15:38:47
(epstopdf)                    size: 45624 bytes
(epstopdf)             Output file: <figure01-eps-converted-to.pdf>
(epstopdf)                    date: 2019-08-04 15:38:47
(epstopdf)                    size: 5608 bytes
(epstopdf)             Command: <repstopdf --outfile=figure01-eps-converted-to.
pdf figure01.eps>
(epstopdf)             \includegraphics on input line 135.
Package epstopdf Info: Output file is already uptodate.
<figure01-eps-converted-to.pdf, id=232, 151.56625pt x 103.38625pt>
File: figure01-eps-converted-to.pdf Graphic file (type pdf)
<use figure01-eps-converted-to.pdf>
Package pdftex.def Info: figure01-eps-converted-to.pdf  used on input line 135.

(pdftex.def)             Requested size: 199.16928pt x 135.85974pt.
[5

]
Package epstopdf Info: Source file: <figure64.eps>
(epstopdf)                    date: 2019-08-04 15:38:47
(epstopdf)                    size: 29129 bytes
(epstopdf)             Output file: <figure64-eps-converted-to.pdf>
(epstopdf)                    date: 2019-08-04 15:38:47
(epstopdf)                    size: 3934 bytes
(epstopdf)             Command: <repstopdf --outfile=figure64-eps-converted-to.
pdf figure64.eps>
(epstopdf)             \includegraphics on input line 176.
Package epstopdf Info: Output file is already uptodate.
<figure64-eps-converted-to.pdf, id=241, 171.64125pt x 171.64125pt>
File: figure64-eps-converted-to.pdf Graphic file (type pdf)
<use figure64-eps-converted-to.pdf>
Package pdftex.def Info: figure64-eps-converted-to.pdf  used on input line 176.

(pdftex.def)             Requested size: 142.26378pt x 142.26314pt.
 [6 <./figure01-eps-converted-to.pdf> <./figure64-eps-converted-to.pdf>]
Package epstopdf Info: Source file: <figure02.eps>
(epstopdf)                    date: 2019-08-04 15:38:47
(epstopdf)                    size: 59422 bytes
(epstopdf)             Output file: <figure02-eps-converted-to.pdf>
(epstopdf)                    date: 2019-08-04 15:38:47
(epstopdf)                    size: 6368 bytes
(epstopdf)             Command: <repstopdf --outfile=figure02-eps-converted-to.
pdf figure02.eps>
(epstopdf)             \includegraphics on input line 194.
Package epstopdf Info: Output file is already uptodate.
<figure02-eps-converted-to.pdf, id=265, 276.03125pt x 286.06876pt>
File: figure02-eps-converted-to.pdf Graphic file (type pdf)
<use figure02-eps-converted-to.pdf>
Package pdftex.def Info: figure02-eps-converted-to.pdf  used on input line 194.

(pdftex.def)             Requested size: 142.26378pt x 147.44272pt.
Package epstopdf Info: Source file: <figure22.eps>
(epstopdf)                    date: 2019-08-04 15:38:47
(epstopdf)                    size: 60057 bytes
(epstopdf)             Output file: <figure22-eps-converted-to.pdf>
(epstopdf)                    date: 2019-08-04 15:38:47
(epstopdf)                    size: 6904 bytes
(epstopdf)             Command: <repstopdf --outfile=figure22-eps-converted-to.
pdf figure22.eps>
(epstopdf)             \includegraphics on input line 201.
Package epstopdf Info: Output file is already uptodate.
<figure22-eps-converted-to.pdf, id=266, 195.73125pt x 227.85126pt>
File: figure22-eps-converted-to.pdf Graphic file (type pdf)
<use figure22-eps-converted-to.pdf>
Package pdftex.def Info: figure22-eps-converted-to.pdf  used on input line 201.

(pdftex.def)             Requested size: 142.26378pt x 165.6173pt.

[7 <./figure02-eps-converted-to.pdf> <./figure22-eps-converted-to.pdf>]
Package epstopdf Info: Source file: <figure23.eps>
(epstopdf)                    date: 2019-08-04 15:38:47
(epstopdf)                    size: 12233 bytes
(epstopdf)             Output file: <figure23-eps-converted-to.pdf>
(epstopdf)                    date: 2019-08-04 15:38:47
(epstopdf)                    size: 2246 bytes
(epstopdf)             Command: <repstopdf --outfile=figure23-eps-converted-to.
pdf figure23.eps>
(epstopdf)             \includegraphics on input line 257.
Package epstopdf Info: Output file is already uptodate.
<figure23-eps-converted-to.pdf, id=294, 249.93375pt x 209.78375pt>
File: figure23-eps-converted-to.pdf Graphic file (type pdf)
<use figure23-eps-converted-to.pdf>
Package pdftex.def Info: figure23-eps-converted-to.pdf  used on input line 257.

(pdftex.def)             Requested size: 199.16928pt x 167.1806pt.
Package epstopdf Info: Source file: <figure03.eps>
(epstopdf)                    date: 2019-08-04 15:38:47
(epstopdf)                    size: 64114 bytes
(epstopdf)             Output file: <figure03-eps-converted-to.pdf>
(epstopdf)                    date: 2019-08-04 15:38:47
(epstopdf)                    size: 7118 bytes
(epstopdf)             Command: <repstopdf --outfile=figure03-eps-converted-to.
pdf figure03.eps>
(epstopdf)             \includegraphics on input line 264.
Package epstopdf Info: Output file is already uptodate.
<figure03-eps-converted-to.pdf, id=295, 143.53625pt x 97.36375pt>
File: figure03-eps-converted-to.pdf Graphic file (type pdf)
<use figure03-eps-converted-to.pdf>
Package pdftex.def Info: figure03-eps-converted-to.pdf  used on input line 264.

(pdftex.def)             Requested size: 142.26378pt x 96.5033pt.
Package epstopdf Info: Source file: <figure06.eps>
(epstopdf)                    date: 2019-08-04 15:38:47
(epstopdf)                    size: 93445 bytes
(epstopdf)             Output file: <figure06-eps-converted-to.pdf>
(epstopdf)                    date: 2019-08-04 15:38:47
(epstopdf)                    size: 9365 bytes
(epstopdf)             Command: <repstopdf --outfile=figure06-eps-converted-to.
pdf figure06.eps>
(epstopdf)             \includegraphics on input line 271.
Package epstopdf Info: Output file is already uptodate.
<figure06-eps-converted-to.pdf, id=296, 143.53625pt x 67.25125pt>
File: figure06-eps-converted-to.pdf Graphic file (type pdf)
<use figure06-eps-converted-to.pdf>
Package pdftex.def Info: figure06-eps-converted-to.pdf  used on input line 271.

(pdftex.def)             Requested size: 142.26378pt x 66.6569pt.

[8 <./figure23-eps-converted-to.pdf>]
Package epstopdf Info: Source file: <figure05.eps>
(epstopdf)                    date: 2019-08-04 15:38:47
(epstopdf)                    size: 61144 bytes
(epstopdf)             Output file: <figure05-eps-converted-to.pdf>
(epstopdf)                    date: 2019-08-04 15:38:47
(epstopdf)                    size: 6730 bytes
(epstopdf)             Command: <repstopdf --outfile=figure05-eps-converted-to.
pdf figure05.eps>
(epstopdf)             \includegraphics on input line 306.
Package epstopdf Info: Output file is already uptodate.
<figure05-eps-converted-to.pdf, id=304, 143.53625pt x 71.26625pt>
File: figure05-eps-converted-to.pdf Graphic file (type pdf)
<use figure05-eps-converted-to.pdf>
Package pdftex.def Info: figure05-eps-converted-to.pdf  used on input line 306.

(pdftex.def)             Requested size: 142.26378pt x 70.63641pt.
Package epstopdf Info: Source file: <figure04.eps>
(epstopdf)                    date: 2019-08-04 15:38:47
(epstopdf)                    size: 84161 bytes
(epstopdf)             Output file: <figure04-eps-converted-to.pdf>
(epstopdf)                    date: 2019-08-04 15:38:47
(epstopdf)                    size: 9263 bytes
(epstopdf)             Command: <repstopdf --outfile=figure04-eps-converted-to.
pdf figure04.eps>
(epstopdf)             \includegraphics on input line 313.
Package epstopdf Info: Output file is already uptodate.
<figure04-eps-converted-to.pdf, id=305, 143.53625pt x 87.32625pt>
File: figure04-eps-converted-to.pdf Graphic file (type pdf)
<use figure04-eps-converted-to.pdf>
Package pdftex.def Info: figure04-eps-converted-to.pdf  used on input line 313.

(pdftex.def)             Requested size: 142.26378pt x 86.55452pt.
 [9 <./figure03-eps-converted-to.pdf> <./figure06-eps-converted-to.pdf>]
Package epstopdf Info: Source file: <figure07.eps>
(epstopdf)                    date: 2019-08-04 15:38:47
(epstopdf)                    size: 105260 bytes
(epstopdf)             Output file: <figure07-eps-converted-to.pdf>
(epstopdf)                    date: 2019-08-04 15:38:47
(epstopdf)                    size: 12976 bytes
(epstopdf)             Command: <repstopdf --outfile=figure07-eps-converted-to.
pdf figure07.eps>
(epstopdf)             \includegraphics on input line 365.
Package epstopdf Info: Output file is already uptodate.
<figure07-eps-converted-to.pdf, id=340, 199.74625pt x 161.60374pt>
File: figure07-eps-converted-to.pdf Graphic file (type pdf)
<use figure07-eps-converted-to.pdf>
Package pdftex.def Info: figure07-eps-converted-to.pdf  used on input line 365.

(pdftex.def)             Requested size: 170.71652pt x 138.1233pt.
 [10 <./figure05-eps-converted-to.pdf> <./figure04-eps-converted-to.pdf>]
Package epstopdf Info: Source file: <figure08.eps>
(epstopdf)                    date: 2019-08-04 15:38:47
(epstopdf)                    size: 129874 bytes
(epstopdf)             Output file: <figure08-eps-converted-to.pdf>
(epstopdf)                    date: 2019-08-04 15:38:47
(epstopdf)                    size: 13574 bytes
(epstopdf)             Command: <repstopdf --outfile=figure08-eps-converted-to.
pdf figure08.eps>
(epstopdf)             \includegraphics on input line 400.
Package epstopdf Info: Output file is already uptodate.
<figure08-eps-converted-to.pdf, id=366, 171.64125pt x 169.63374pt>
File: figure08-eps-converted-to.pdf Graphic file (type pdf)
<use figure08-eps-converted-to.pdf>
Package pdftex.def Info: figure08-eps-converted-to.pdf  used on input line 400.

(pdftex.def)             Requested size: 170.71652pt x 168.7196pt.
Package epstopdf Info: Source file: <figure24.eps>
(epstopdf)                    date: 2019-08-04 15:38:47
(epstopdf)                    size: 112275 bytes
(epstopdf)             Output file: <figure24-eps-converted-to.pdf>
(epstopdf)                    date: 2019-08-04 15:38:47
(epstopdf)                    size: 11448 bytes
(epstopdf)             Command: <repstopdf --outfile=figure24-eps-converted-to.
pdf figure24.eps>
(epstopdf)             \includegraphics on input line 422.
Package epstopdf Info: Output file is already uptodate.
<figure24-eps-converted-to.pdf, id=367, 171.64125pt x 135.50626pt>
File: figure24-eps-converted-to.pdf Graphic file (type pdf)
<use figure24-eps-converted-to.pdf>
Package pdftex.def Info: figure24-eps-converted-to.pdf  used on input line 422.

(pdftex.def)             Requested size: 170.71652pt x 134.77602pt.
 [11 <./figure07-eps-converted-to.pdf>]
Package epstopdf Info: Source file: <figure25.eps>
(epstopdf)                    date: 2019-08-04 15:38:47
(epstopdf)                    size: 77440 bytes
(epstopdf)             Output file: <figure25-eps-converted-to.pdf>
(epstopdf)                    date: 2019-08-04 15:38:47
(epstopdf)                    size: 8226 bytes
(epstopdf)             Command: <repstopdf --outfile=figure25-eps-converted-to.
pdf figure25.eps>
(epstopdf)             \includegraphics on input line 449.
Package epstopdf Info: Output file is already uptodate.
<figure25-eps-converted-to.pdf, id=387, 255.95625pt x 239.89626pt>
File: figure25-eps-converted-to.pdf Graphic file (type pdf)
<use figure25-eps-converted-to.pdf>
Package pdftex.def Info: figure25-eps-converted-to.pdf  used on input line 449.

(pdftex.def)             Requested size: 199.16928pt x 186.67174pt.
 [12 <./figure08-eps-converted-to.pdf> <./figure24-eps-converted-to.pdf>] [13 <
./figure25-eps-converted-to.pdf>] [14]
Package epstopdf Info: Source file: <figure26.eps>
(epstopdf)                    date: 2019-08-04 15:38:47
(epstopdf)                    size: 28890 bytes
(epstopdf)             Output file: <figure26-eps-converted-to.pdf>
(epstopdf)                    date: 2019-08-04 15:38:47
(epstopdf)                    size: 3865 bytes
(epstopdf)             Command: <repstopdf --outfile=figure26-eps-converted-to.
pdf figure26.eps>
(epstopdf)             \includegraphics on input line 570.
Package epstopdf Info: Output file is already uptodate.
<figure26-eps-converted-to.pdf, id=451, 227.85126pt x 227.85126pt>
File: figure26-eps-converted-to.pdf Graphic file (type pdf)
<use figure26-eps-converted-to.pdf>
Package pdftex.def Info: figure26-eps-converted-to.pdf  used on input line 570.

(pdftex.def)             Requested size: 142.26378pt x 142.26761pt.
Package epstopdf Info: Source file: <figure27.eps>
(epstopdf)                    date: 2019-08-04 15:38:47
(epstopdf)                    size: 28891 bytes
(epstopdf)             Output file: <figure27-eps-converted-to.pdf>
(epstopdf)                    date: 2019-08-04 15:38:47
(epstopdf)                    size: 3863 bytes
(epstopdf)             Command: <repstopdf --outfile=figure27-eps-converted-to.
pdf figure27.eps>
(epstopdf)             \includegraphics on input line 577.
Package epstopdf Info: Output file is already uptodate.
<figure27-eps-converted-to.pdf, id=452, 227.85126pt x 227.85126pt>
File: figure27-eps-converted-to.pdf Graphic file (type pdf)
<use figure27-eps-converted-to.pdf>
Package pdftex.def Info: figure27-eps-converted-to.pdf  used on input line 577.

(pdftex.def)             Requested size: 142.26378pt x 142.26761pt.
 [15 <./figure26-eps-converted-to.pdf> <./figure27-eps-converted-to.pdf>]
Package epstopdf Info: Source file: <figure33.eps>
(epstopdf)                    date: 2019-08-04 15:38:47
(epstopdf)                    size: 31923 bytes
(epstopdf)             Output file: <figure33-eps-converted-to.pdf>
(epstopdf)                    date: 2019-08-04 15:38:47
(epstopdf)                    size: 4603 bytes
(epstopdf)             Command: <repstopdf --outfile=figure33-eps-converted-to.
pdf figure33.eps>
(epstopdf)             \includegraphics on input line 618.
Package epstopdf Info: Output file is already uptodate.
<figure33-eps-converted-to.pdf, id=468, 153.57375pt x 227.85126pt>
File: figure33-eps-converted-to.pdf Graphic file (type pdf)
<use figure33-eps-converted-to.pdf>
Package pdftex.def Info: figure33-eps-converted-to.pdf  used on input line 618.

(pdftex.def)             Requested size: 113.81102pt x 168.8576pt.
Package epstopdf Info: Source file: <figure28.eps>
(epstopdf)                    date: 2019-08-04 15:38:47
(epstopdf)                    size: 31934 bytes
(epstopdf)             Output file: <figure28-eps-converted-to.pdf>
(epstopdf)                    date: 2019-08-04 15:38:47
(epstopdf)                    size: 4710 bytes
(epstopdf)             Command: <repstopdf --outfile=figure28-eps-converted-to.
pdf figure28.eps>
(epstopdf)             \includegraphics on input line 625.
Package epstopdf Info: Output file is already uptodate.
<figure28-eps-converted-to.pdf, id=469, 171.64125pt x 227.85126pt>
File: figure28-eps-converted-to.pdf Graphic file (type pdf)
<use figure28-eps-converted-to.pdf>
Package pdftex.def Info: figure28-eps-converted-to.pdf  used on input line 625.

(pdftex.def)             Requested size: 113.81102pt x 151.0811pt.
 [16 <./figure33-eps-converted-to.pdf>]
Package epstopdf Info: Source file: <figure29.eps>
(epstopdf)                    date: 2019-08-04 15:38:47
(epstopdf)                    size: 35140 bytes
(epstopdf)             Output file: <figure29-eps-converted-to.pdf>
(epstopdf)                    date: 2019-08-04 15:38:47
(epstopdf)                    size: 5467 bytes
(epstopdf)             Command: <repstopdf --outfile=figure29-eps-converted-to.
pdf figure29.eps>
(epstopdf)             \includegraphics on input line 671.
Package epstopdf Info: Output file is already uptodate.
<figure29-eps-converted-to.pdf, id=482, 227.85126pt x 193.72375pt>
File: figure29-eps-converted-to.pdf Graphic file (type pdf)
<use figure29-eps-converted-to.pdf>
Package pdftex.def Info: figure29-eps-converted-to.pdf  used on input line 671.

(pdftex.def)             Requested size: 142.26378pt x 120.9588pt.
Package epstopdf Info: Source file: <figure30.eps>
(epstopdf)                    date: 2019-08-04 15:38:47
(epstopdf)                    size: 31879 bytes
(epstopdf)             Output file: <figure30-eps-converted-to.pdf>
(epstopdf)                    date: 2019-08-04 15:38:47
(epstopdf)                    size: 4715 bytes
(epstopdf)             Command: <repstopdf --outfile=figure30-eps-converted-to.
pdf figure30.eps>
(epstopdf)             \includegraphics on input line 678.
Package epstopdf Info: Output file is already uptodate.
<figure30-eps-converted-to.pdf, id=483, 227.85126pt x 153.57375pt>
File: figure30-eps-converted-to.pdf Graphic file (type pdf)
<use figure30-eps-converted-to.pdf>
Package pdftex.def Info: figure30-eps-converted-to.pdf  used on input line 678.

(pdftex.def)             Requested size: 142.26378pt x 95.88962pt.
Package epstopdf Info: Source file: <figure32.eps>
(epstopdf)                    date: 2019-08-04 15:38:47
(epstopdf)                    size: 32489 bytes
(epstopdf)             Output file: <figure32-eps-converted-to.pdf>
(epstopdf)                    date: 2019-08-04 15:38:47
(epstopdf)                    size: 4590 bytes
(epstopdf)             Command: <repstopdf --outfile=figure32-eps-converted-to.
pdf figure32.eps>
(epstopdf)             \includegraphics on input line 703.
Package epstopdf Info: Output file is already uptodate.
<figure32-eps-converted-to.pdf, id=484, 227.85126pt x 73.27374pt>
File: figure32-eps-converted-to.pdf Graphic file (type pdf)
<use figure32-eps-converted-to.pdf>
Package pdftex.def Info: figure32-eps-converted-to.pdf  used on input line 703.

(pdftex.def)             Requested size: 170.71652pt x 54.90149pt.
 [17 <./figure28-eps-converted-to.pdf>]
Package epstopdf Info: Source file: <figure34.eps>
(epstopdf)                    date: 2019-08-04 15:38:47
(epstopdf)                    size: 44288 bytes
(epstopdf)             Output file: <figure34-eps-converted-to.pdf>
(epstopdf)                    date: 2019-08-04 15:38:47
(epstopdf)                    size: 5478 bytes
(epstopdf)             Command: <repstopdf --outfile=figure34-eps-converted-to.
pdf figure34.eps>
(epstopdf)             \includegraphics on input line 710.
Package epstopdf Info: Output file is already uptodate.
<figure34-eps-converted-to.pdf, id=496, 227.85126pt x 227.85126pt>
File: figure34-eps-converted-to.pdf Graphic file (type pdf)
<use figure34-eps-converted-to.pdf>
Package pdftex.def Info: figure34-eps-converted-to.pdf  used on input line 710.

(pdftex.def)             Requested size: 142.26378pt x 142.26761pt.
Package epstopdf Info: Source file: <figure31.eps>
(epstopdf)                    date: 2019-08-04 15:38:47
(epstopdf)                    size: 31879 bytes
(epstopdf)             Output file: <figure31-eps-converted-to.pdf>
(epstopdf)                    date: 2019-08-04 15:38:47
(epstopdf)                    size: 4712 bytes
(epstopdf)             Command: <repstopdf --outfile=figure31-eps-converted-to.
pdf figure31.eps>
(epstopdf)             \includegraphics on input line 746.
Package epstopdf Info: Output file is already uptodate.
<figure31-eps-converted-to.pdf, id=497, 227.85126pt x 113.42375pt>
File: figure31-eps-converted-to.pdf Graphic file (type pdf)
<use figure31-eps-converted-to.pdf>
Package pdftex.def Info: figure31-eps-converted-to.pdf  used on input line 746.

(pdftex.def)             Requested size: 227.62204pt x 113.31268pt.
 [18 <./figure29-eps-converted-to.pdf> <./figure30-eps-converted-to.pdf>]
Package epstopdf Info: Source file: <figure35.eps>
(epstopdf)                    date: 2019-08-04 15:38:47
(epstopdf)                    size: 55640 bytes
(epstopdf)             Output file: <figure35-eps-converted-to.pdf>
(epstopdf)                    date: 2019-08-04 15:38:47
(epstopdf)                    size: 9078 bytes
(epstopdf)             Command: <repstopdf --outfile=figure35-eps-converted-to.
pdf figure35.eps>
(epstopdf)             \includegraphics on input line 795.
Package epstopdf Info: Output file is already uptodate.
<figure35-eps-converted-to.pdf, id=515, 428.60126pt x 404.51125pt>
File: figure35-eps-converted-to.pdf Graphic file (type pdf)
<use figure35-eps-converted-to.pdf>
Package pdftex.def Info: figure35-eps-converted-to.pdf  used on input line 795.

(pdftex.def)             Requested size: 341.43306pt x 322.24535pt.
 [19 <./figure32-eps-converted-to.pdf> <./figure34-eps-converted-to.pdf>] [20 <
./figure31-eps-converted-to.pdf>] [21 <./figure35-eps-converted-to.pdf>] [22]
Package epstopdf Info: Source file: <figure36.eps>
(epstopdf)                    date: 2019-08-04 15:38:47
(epstopdf)                    size: 93263 bytes
(epstopdf)             Output file: <figure36-eps-converted-to.pdf>
(epstopdf)                    date: 2019-08-04 15:38:47
(epstopdf)                    size: 9718 bytes
(epstopdf)             Command: <repstopdf --outfile=figure36-eps-converted-to.
pdf figure36.eps>
(epstopdf)             \includegraphics on input line 968.
Package epstopdf Info: Output file is already uptodate.
<figure36-eps-converted-to.pdf, id=566, 342.27875pt x 257.96375pt>
File: figure36-eps-converted-to.pdf Graphic file (type pdf)
<use figure36-eps-converted-to.pdf>
Package pdftex.def Info: figure36-eps-converted-to.pdf  used on input line 968.

(pdftex.def)             Requested size: 284.52756pt x 214.45229pt.
 [23 <./figure36-eps-converted-to.pdf>] [24]
Package epstopdf Info: Source file: <figure37.eps>
(epstopdf)                    date: 2019-08-04 15:38:47
(epstopdf)                    size: 56306 bytes
(epstopdf)             Output file: <figure37-eps-converted-to.pdf>
(epstopdf)                    date: 2019-08-04 15:38:47
(epstopdf)                    size: 6954 bytes
(epstopdf)             Command: <repstopdf --outfile=figure37-eps-converted-to.
pdf figure37.eps>
(epstopdf)             \includegraphics on input line 1071.
Package epstopdf Info: Output file is already uptodate.
<figure37-eps-converted-to.pdf, id=597, 346.29375pt x 201.75375pt>
File: figure37-eps-converted-to.pdf Graphic file (type pdf)
<use figure37-eps-converted-to.pdf>
Package pdftex.def Info: figure37-eps-converted-to.pdf  used on input line 1071
.
(pdftex.def)             Requested size: 341.43306pt x 198.92717pt.
Package epstopdf Info: Source file: <figure38.eps>
(epstopdf)                    date: 2019-08-04 15:38:47
(epstopdf)                    size: 52922 bytes
(epstopdf)             Output file: <figure38-eps-converted-to.pdf>
(epstopdf)                    date: 2019-08-04 15:38:47
(epstopdf)                    size: 7646 bytes
(epstopdf)             Command: <repstopdf --outfile=figure38-eps-converted-to.
pdf figure38.eps>
(epstopdf)             \includegraphics on input line 1078.
Package epstopdf Info: Output file is already uptodate.
<figure38-eps-converted-to.pdf, id=598, 346.29375pt x 201.75375pt>
File: figure38-eps-converted-to.pdf Graphic file (type pdf)
<use figure38-eps-converted-to.pdf>
Package pdftex.def Info: figure38-eps-converted-to.pdf  used on input line 1078
.
(pdftex.def)             Requested size: 341.43306pt x 198.92717pt.
Package epstopdf Info: Source file: <figure39.eps>
(epstopdf)                    date: 2019-08-04 15:38:47
(epstopdf)                    size: 40030 bytes
(epstopdf)             Output file: <figure39-eps-converted-to.pdf>
(epstopdf)                    date: 2019-08-04 15:38:47
(epstopdf)                    size: 6098 bytes
(epstopdf)             Command: <repstopdf --outfile=figure39-eps-converted-to.
pdf figure39.eps>
(epstopdf)             \includegraphics on input line 1085.
Package epstopdf Info: Output file is already uptodate.
<figure39-eps-converted-to.pdf, id=599, 344.28625pt x 203.76125pt>
File: figure39-eps-converted-to.pdf Graphic file (type pdf)
<use figure39-eps-converted-to.pdf>
Package pdftex.def Info: figure39-eps-converted-to.pdf  used on input line 1085
.
(pdftex.def)             Requested size: 341.43306pt x 202.07246pt.
Package epstopdf Info: Source file: <figure40.eps>
(epstopdf)                    date: 2019-08-04 15:38:47
(epstopdf)                    size: 47718 bytes
(epstopdf)             Output file: <figure40-eps-converted-to.pdf>
(epstopdf)                    date: 2019-08-04 15:38:47
(epstopdf)                    size: 7828 bytes
(epstopdf)             Command: <repstopdf --outfile=figure40-eps-converted-to.
pdf figure40.eps>
(epstopdf)             \includegraphics on input line 1108.
Package epstopdf Info: Output file is already uptodate.
<figure40-eps-converted-to.pdf, id=600, 340.27126pt x 183.68625pt>
File: figure40-eps-converted-to.pdf Graphic file (type pdf)
<use figure40-eps-converted-to.pdf>
Package pdftex.def Info: figure40-eps-converted-to.pdf  used on input line 1108
.
(pdftex.def)             Requested size: 284.52756pt x 153.60307pt.


LaTeX Warning: `h' float specifier changed to `ht'.

[25 <./figure37-eps-converted-to.pdf>] [26 <./figure38-eps-converted-to.pdf>]
[27 <./figure39-eps-converted-to.pdf>] [28 <./figure40-eps-converted-to.pdf>]
Package epstopdf Info: Source file: <figure41.eps>
(epstopdf)                    date: 2019-08-04 15:38:47
(epstopdf)                    size: 41366 bytes
(epstopdf)             Output file: <figure41-eps-converted-to.pdf>
(epstopdf)                    date: 2019-08-04 15:38:47
(epstopdf)                    size: 4785 bytes
(epstopdf)             Command: <repstopdf --outfile=figure41-eps-converted-to.
pdf figure41.eps>
(epstopdf)             \includegraphics on input line 1297.
Package epstopdf Info: Output file is already uptodate.
<figure41-eps-converted-to.pdf, id=645, 456.70625pt x 17.06375pt>
File: figure41-eps-converted-to.pdf Graphic file (type pdf)
<use figure41-eps-converted-to.pdf>
Package pdftex.def Info: figure41-eps-converted-to.pdf  used on input line 1297
.
(pdftex.def)             Requested size: 341.43306pt x 12.75714pt.

[29]
Package epstopdf Info: Source file: <figure43.eps>
(epstopdf)                    date: 2019-08-04 15:38:47
(epstopdf)                    size: 41410 bytes
(epstopdf)             Output file: <figure43-eps-converted-to.pdf>
(epstopdf)                    date: 2019-08-04 15:38:47
(epstopdf)                    size: 4805 bytes
(epstopdf)             Command: <repstopdf --outfile=figure43-eps-converted-to.
pdf figure43.eps>
(epstopdf)             \includegraphics on input line 1315.
Package epstopdf Info: Output file is already uptodate.
<figure43-eps-converted-to.pdf, id=652, 456.70625pt x 17.06375pt>
File: figure43-eps-converted-to.pdf Graphic file (type pdf)
<use figure43-eps-converted-to.pdf>
Package pdftex.def Info: figure43-eps-converted-to.pdf  used on input line 1315
.
(pdftex.def)             Requested size: 341.43306pt x 12.75714pt.
Package epstopdf Info: Source file: <figure44.eps>
(epstopdf)                    date: 2019-08-04 15:38:47
(epstopdf)                    size: 106508 bytes
(epstopdf)             Output file: <figure44-eps-converted-to.pdf>
(epstopdf)                    date: 2019-08-04 15:38:47
(epstopdf)                    size: 13948 bytes
(epstopdf)             Command: <repstopdf --outfile=figure44-eps-converted-to.
pdf figure44.eps>
(epstopdf)             \includegraphics on input line 1333.
Package epstopdf Info: Output file is already uptodate.
<figure44-eps-converted-to.pdf, id=655, 344.28625pt x 231.86626pt>
File: figure44-eps-converted-to.pdf Graphic file (type pdf)
<use figure44-eps-converted-to.pdf>
Package pdftex.def Info: figure44-eps-converted-to.pdf  used on input line 1333
.
(pdftex.def)             Requested size: 341.43306pt x 229.94453pt.
Package epstopdf Info: Source file: <figure42.eps>
(epstopdf)                    date: 2019-08-04 15:38:47
(epstopdf)                    size: 42251 bytes
(epstopdf)             Output file: <figure42-eps-converted-to.pdf>
(epstopdf)                    date: 2019-08-04 15:38:47
(epstopdf)                    size: 5045 bytes
(epstopdf)             Command: <repstopdf --outfile=figure42-eps-converted-to.
pdf figure42.eps>
(epstopdf)             \includegraphics on input line 1353.
Package epstopdf Info: Output file is already uptodate.
<figure42-eps-converted-to.pdf, id=656, 456.70625pt x 17.06375pt>
File: figure42-eps-converted-to.pdf Graphic file (type pdf)
<use figure42-eps-converted-to.pdf>
Package pdftex.def Info: figure42-eps-converted-to.pdf  used on input line 1353
.
(pdftex.def)             Requested size: 341.43306pt x 12.75714pt.
Package epstopdf Info: Source file: <figure10.eps>
(epstopdf)                    date: 2019-08-04 15:38:47
(epstopdf)                    size: 76574 bytes
(epstopdf)             Output file: <figure10-eps-converted-to.pdf>
(epstopdf)                    date: 2019-08-04 15:38:47
(epstopdf)                    size: 8321 bytes
(epstopdf)             Command: <repstopdf --outfile=figure10-eps-converted-to.
pdf figure10.eps>
(epstopdf)             \includegraphics on input line 1367.
Package epstopdf Info: Output file is already uptodate.
<figure10-eps-converted-to.pdf, id=657, 342.27875pt x 199.74625pt>
File: figure10-eps-converted-to.pdf Graphic file (type pdf)
<use figure10-eps-converted-to.pdf>
Package pdftex.def Info: figure10-eps-converted-to.pdf  used on input line 1367
.
(pdftex.def)             Requested size: 284.52756pt x 166.0545pt.
Package epstopdf Info: Source file: <figure11.eps>
(epstopdf)                    date: 2019-08-04 15:38:47
(epstopdf)                    size: 34860 bytes
(epstopdf)             Output file: <figure11-eps-converted-to.pdf>
(epstopdf)                    date: 2019-08-04 15:38:47
(epstopdf)                    size: 5541 bytes
(epstopdf)             Command: <repstopdf --outfile=figure11-eps-converted-to.
pdf figure11.eps>
(epstopdf)             \includegraphics on input line 1395.
Package epstopdf Info: Output file is already uptodate.
<figure11-eps-converted-to.pdf, id=658, 143.53625pt x 111.41624pt>
File: figure11-eps-converted-to.pdf Graphic file (type pdf)
<use figure11-eps-converted-to.pdf>
Package pdftex.def Info: figure11-eps-converted-to.pdf  used on input line 1395
.
(pdftex.def)             Requested size: 143.53589pt x 111.41597pt.
 [30 <./figure41-eps-converted-to.pdf> <./figure43-eps-converted-to.pdf>]
Package epstopdf Info: Source file: <figure12.eps>
(epstopdf)                    date: 2019-08-04 15:38:47
(epstopdf)                    size: 34835 bytes
(epstopdf)             Output file: <figure12-eps-converted-to.pdf>
(epstopdf)                    date: 2019-08-04 15:38:47
(epstopdf)                    size: 5552 bytes
(epstopdf)             Command: <repstopdf --outfile=figure12-eps-converted-to.
pdf figure12.eps>
(epstopdf)             \includegraphics on input line 1402.
Package epstopdf Info: Output file is already uptodate.
<figure12-eps-converted-to.pdf, id=683, 143.53625pt x 109.40875pt>
File: figure12-eps-converted-to.pdf Graphic file (type pdf)
<use figure12-eps-converted-to.pdf>
Package pdftex.def Info: figure12-eps-converted-to.pdf  used on input line 1402
.
(pdftex.def)             Requested size: 143.53589pt x 109.40846pt.
Package epstopdf Info: Source file: <figure13.eps>
(epstopdf)                    date: 2019-08-04 15:38:47
(epstopdf)                    size: 116429 bytes
(epstopdf)             Output file: <figure13-eps-converted-to.pdf>
(epstopdf)                    date: 2019-08-04 15:38:47
(epstopdf)                    size: 14088 bytes
(epstopdf)             Command: <repstopdf --outfile=figure13-eps-converted-to.
pdf figure13.eps>
(epstopdf)             \includegraphics on input line 1422.
Package epstopdf Info: Output file is already uptodate.
<figure13-eps-converted-to.pdf, id=685, 342.27875pt x 199.74625pt>
File: figure13-eps-converted-to.pdf Graphic file (type pdf)
<use figure13-eps-converted-to.pdf>
Package pdftex.def Info: figure13-eps-converted-to.pdf  used on input line 1422
.
(pdftex.def)             Requested size: 341.43306pt x 199.26723pt.
Package epstopdf Info: Source file: <figure14.eps>
(epstopdf)                    date: 2019-08-04 15:38:47
(epstopdf)                    size: 60677 bytes
(epstopdf)             Output file: <figure14-eps-converted-to.pdf>
(epstopdf)                    date: 2019-08-04 15:38:47
(epstopdf)                    size: 6995 bytes
(epstopdf)             Command: <repstopdf --outfile=figure14-eps-converted-to.
pdf figure14.eps>
(epstopdf)             \includegraphics on input line 1437.
Package epstopdf Info: Output file is already uptodate.
<figure14-eps-converted-to.pdf, id=686, 143.53625pt x 117.43875pt>
File: figure14-eps-converted-to.pdf Graphic file (type pdf)
<use figure14-eps-converted-to.pdf>
Package pdftex.def Info: figure14-eps-converted-to.pdf  used on input line 1437
.
(pdftex.def)             Requested size: 142.26378pt x 116.4009pt.

[31 <./figure44-eps-converted-to.pdf> <./figure42-eps-converted-to.pdf>]
Package epstopdf Info: Source file: <figure15.eps>
(epstopdf)                    date: 2019-08-04 15:38:47
(epstopdf)                    size: 64452 bytes
(epstopdf)             Output file: <figure15-eps-converted-to.pdf>
(epstopdf)                    date: 2019-08-04 15:38:47
(epstopdf)                    size: 8129 bytes
(epstopdf)             Command: <repstopdf --outfile=figure15-eps-converted-to.
pdf figure15.eps>
(epstopdf)             \includegraphics on input line 1444.
Package epstopdf Info: Output file is already uptodate.
<figure15-eps-converted-to.pdf, id=711, 171.64125pt x 121.45375pt>
File: figure15-eps-converted-to.pdf Graphic file (type pdf)
<use figure15-eps-converted-to.pdf>
Package pdftex.def Info: figure15-eps-converted-to.pdf  used on input line 1444
.
(pdftex.def)             Requested size: 142.26378pt x 100.66571pt.
Package epstopdf Info: Source file: <figure16.eps>
(epstopdf)                    date: 2019-08-04 15:38:47
(epstopdf)                    size: 44260 bytes
(epstopdf)             Output file: <figure16-eps-converted-to.pdf>
(epstopdf)                    date: 2019-08-04 15:38:47
(epstopdf)                    size: 5107 bytes
(epstopdf)             Command: <repstopdf --outfile=figure16-eps-converted-to.
pdf figure16.eps>
(epstopdf)             \includegraphics on input line 1466.
Package epstopdf Info: Output file is already uptodate.
<figure16-eps-converted-to.pdf, id=714, 143.53625pt x 105.39375pt>
File: figure16-eps-converted-to.pdf Graphic file (type pdf)
<use figure16-eps-converted-to.pdf>
Package pdftex.def Info: figure16-eps-converted-to.pdf  used on input line 1466
.
(pdftex.def)             Requested size: 142.26378pt x 104.46234pt.
Package epstopdf Info: Source file: <figure17.eps>
(epstopdf)                    date: 2019-08-04 15:38:47
(epstopdf)                    size: 44820 bytes
(epstopdf)             Output file: <figure17-eps-converted-to.pdf>
(epstopdf)                    date: 2019-08-04 15:38:47
(epstopdf)                    size: 5197 bytes
(epstopdf)             Command: <repstopdf --outfile=figure17-eps-converted-to.
pdf figure17.eps>
(epstopdf)             \includegraphics on input line 1473.
Package epstopdf Info: Output file is already uptodate.
<figure17-eps-converted-to.pdf, id=715, 143.53625pt x 105.39375pt>
File: figure17-eps-converted-to.pdf Graphic file (type pdf)
<use figure17-eps-converted-to.pdf>
Package pdftex.def Info: figure17-eps-converted-to.pdf  used on input line 1473
.
(pdftex.def)             Requested size: 142.26378pt x 104.46234pt.

[32 <./figure10-eps-converted-to.pdf> <./figure11-eps-converted-to.pdf>]
[33 <./figure12-eps-converted-to.pdf> <./figure13-eps-converted-to.pdf>]
[34 <./figure14-eps-converted-to.pdf> <./figure15-eps-converted-to.pdf> <./figu
re16-eps-converted-to.pdf> <./figure17-eps-converted-to.pdf>]
Chapter 3.
Package epstopdf Info: Source file: <figure18.eps>
(epstopdf)                    date: 2019-08-04 15:38:47
(epstopdf)                    size: 47883 bytes
(epstopdf)             Output file: <figure18-eps-converted-to.pdf>
(epstopdf)                    date: 2019-08-04 15:38:47
(epstopdf)                    size: 5762 bytes
(epstopdf)             Command: <repstopdf --outfile=figure18-eps-converted-to.
pdf figure18.eps>
(epstopdf)             \includegraphics on input line 1529.
Package epstopdf Info: Output file is already uptodate.
<figure18-eps-converted-to.pdf, id=797, 342.27875pt x 199.74625pt>
File: figure18-eps-converted-to.pdf Graphic file (type pdf)
<use figure18-eps-converted-to.pdf>
Package pdftex.def Info: figure18-eps-converted-to.pdf  used on input line 1529
.
(pdftex.def)             Requested size: 284.52756pt x 166.0545pt.
[35

]
Package epstopdf Info: Source file: <figure19.eps>
(epstopdf)                    date: 2019-08-04 15:38:47
(epstopdf)                    size: 61740 bytes
(epstopdf)             Output file: <figure19-eps-converted-to.pdf>
(epstopdf)                    date: 2019-08-04 15:38:47
(epstopdf)                    size: 7158 bytes
(epstopdf)             Command: <repstopdf --outfile=figure19-eps-converted-to.
pdf figure19.eps>
(epstopdf)             \includegraphics on input line 1564.
Package epstopdf Info: Output file is already uptodate.
<figure19-eps-converted-to.pdf, id=804, 286.06876pt x 147.55125pt>
File: figure19-eps-converted-to.pdf Graphic file (type pdf)
<use figure19-eps-converted-to.pdf>
Package pdftex.def Info: figure19-eps-converted-to.pdf  used on input line 1564
.
(pdftex.def)             Requested size: 286.06805pt x 147.55087pt.
 [36 <./figure18-eps-converted-to.pdf>] [37 <./figure19-eps-converted-to.pdf>]
Package epstopdf Info: Source file: <figure20.eps>
(epstopdf)                    date: 2019-08-04 15:38:47
(epstopdf)                    size: 32724 bytes
(epstopdf)             Output file: <figure20-eps-converted-to.pdf>
(epstopdf)                    date: 2019-08-04 15:38:47
(epstopdf)                    size: 4728 bytes
(epstopdf)             Command: <repstopdf --outfile=figure20-eps-converted-to.
pdf figure20.eps>
(epstopdf)             \includegraphics on input line 1674.
Package epstopdf Info: Output file is already uptodate.
<figure20-eps-converted-to.pdf, id=835, 342.27875pt x 171.64125pt>
File: figure20-eps-converted-to.pdf Graphic file (type pdf)
<use figure20-eps-converted-to.pdf>
Package pdftex.def Info: figure20-eps-converted-to.pdf  used on input line 1674
.
(pdftex.def)             Requested size: 284.52756pt x 142.69003pt.
 [38] [39 <./figure20-eps-converted-to.pdf>] [40] [41]
Package epstopdf Info: Source file: <figure45.eps>
(epstopdf)                    date: 2019-08-04 15:38:47
(epstopdf)                    size: 45914 bytes
(epstopdf)             Output file: <figure45-eps-converted-to.pdf>
(epstopdf)                    date: 2019-08-04 15:38:47
(epstopdf)                    size: 5910 bytes
(epstopdf)             Command: <repstopdf --outfile=figure45-eps-converted-to.
pdf figure45.eps>
(epstopdf)             \includegraphics on input line 1922.
Package epstopdf Info: Output file is already uptodate.
<figure45-eps-converted-to.pdf, id=863, 342.27875pt x 171.64125pt>
File: figure45-eps-converted-to.pdf Graphic file (type pdf)
<use figure45-eps-converted-to.pdf>
Package pdftex.def Info: figure45-eps-converted-to.pdf  used on input line 1922
.
(pdftex.def)             Requested size: 341.43306pt x 171.22961pt.
 [42]
Package epstopdf Info: Source file: <figure46.eps>
(epstopdf)                    date: 2019-08-04 15:38:47
(epstopdf)                    size: 47862 bytes
(epstopdf)             Output file: <figure46-eps-converted-to.pdf>
(epstopdf)                    date: 2019-08-04 15:38:47
(epstopdf)                    size: 6543 bytes
(epstopdf)             Command: <repstopdf --outfile=figure46-eps-converted-to.
pdf figure46.eps>
(epstopdf)             \includegraphics on input line 1964.
Package epstopdf Info: Output file is already uptodate.
<figure46-eps-converted-to.pdf, id=869, 342.27875pt x 171.64125pt>
File: figure46-eps-converted-to.pdf Graphic file (type pdf)
<use figure46-eps-converted-to.pdf>
Package pdftex.def Info: figure46-eps-converted-to.pdf  used on input line 1964
.
(pdftex.def)             Requested size: 341.43306pt x 171.22961pt.
 [43 <./figure45-eps-converted-to.pdf>]
Package epstopdf Info: Source file: <figure21.eps>
(epstopdf)                    date: 2019-08-04 15:38:47
(epstopdf)                    size: 61968 bytes
(epstopdf)             Output file: <figure21-eps-converted-to.pdf>
(epstopdf)                    date: 2019-08-04 15:38:47
(epstopdf)                    size: 7351 bytes
(epstopdf)             Command: <repstopdf --outfile=figure21-eps-converted-to.
pdf figure21.eps>
(epstopdf)             \includegraphics on input line 1988.
Package epstopdf Info: Output file is already uptodate.
<figure21-eps-converted-to.pdf, id=882, 342.27875pt x 171.64125pt>
File: figure21-eps-converted-to.pdf Graphic file (type pdf)
<use figure21-eps-converted-to.pdf>
Package pdftex.def Info: figure21-eps-converted-to.pdf  used on input line 1988
.
(pdftex.def)             Requested size: 341.43306pt x 171.22961pt.
 [44 <./figure46-eps-converted-to.pdf>]
Package epstopdf Info: Source file: <figure47.eps>
(epstopdf)                    date: 2019-08-04 15:38:47
(epstopdf)                    size: 82653 bytes
(epstopdf)             Output file: <figure47-eps-converted-to.pdf>
(epstopdf)                    date: 2019-08-04 15:38:47
(epstopdf)                    size: 9952 bytes
(epstopdf)             Command: <repstopdf --outfile=figure47-eps-converted-to.
pdf figure47.eps>
(epstopdf)             \includegraphics on input line 2030.
Package epstopdf Info: Output file is already uptodate.
<figure47-eps-converted-to.pdf, id=896, 342.27875pt x 171.64125pt>
File: figure47-eps-converted-to.pdf Graphic file (type pdf)
<use figure47-eps-converted-to.pdf>
Package pdftex.def Info: figure47-eps-converted-to.pdf  used on input line 2030
.
(pdftex.def)             Requested size: 341.43306pt x 171.22961pt.
 [45 <./figure21-eps-converted-to.pdf>] [46 <./figure47-eps-converted-to.pdf>]
Chapter 4.
Package epstopdf Info: Source file: <figure13.eps>
(epstopdf)                    date: 2019-08-04 15:38:47
(epstopdf)                    size: 116429 bytes
(epstopdf)             Output file: <figure13-eps-converted-to.pdf>
(epstopdf)                    date: 2019-08-04 15:38:47
(epstopdf)                    size: 14088 bytes
(epstopdf)             Command: <repstopdf --outfile=figure13-eps-converted-to.
pdf figure13.eps>
(epstopdf)             \includegraphics on input line 2065.
Package epstopdf Info: Output file is already uptodate.
File: figure13-eps-converted-to.pdf Graphic file (type pdf)
<use figure13-eps-converted-to.pdf>
Package pdftex.def Info: figure13-eps-converted-to.pdf  used on input line 2065
.
(pdftex.def)             Requested size: 342.2779pt x 199.74576pt.
[47

] [48]
Package epstopdf Info: Source file: <figure48.eps>
(epstopdf)                    date: 2019-08-04 15:38:47
(epstopdf)                    size: 30132 bytes
(epstopdf)             Output file: <figure48-eps-converted-to.pdf>
(epstopdf)                    date: 2019-08-04 15:38:47
(epstopdf)                    size: 4022 bytes
(epstopdf)             Command: <repstopdf --outfile=figure48-eps-converted-to.
pdf figure48.eps>
(epstopdf)             \includegraphics on input line 2154.
Package epstopdf Info: Output file is already uptodate.
<figure48-eps-converted-to.pdf, id=942, 342.27875pt x 171.64125pt>
File: figure48-eps-converted-to.pdf Graphic file (type pdf)
<use figure48-eps-converted-to.pdf>
Package pdftex.def Info: figure48-eps-converted-to.pdf  used on input line 2154
.
(pdftex.def)             Requested size: 341.43306pt x 171.22961pt.
 [49 <./figure48-eps-converted-to.pdf>]
Package epstopdf Info: Source file: <figure49.eps>
(epstopdf)                    date: 2019-08-04 15:38:47
(epstopdf)                    size: 71115 bytes
(epstopdf)             Output file: <figure49-eps-converted-to.pdf>
(epstopdf)                    date: 2019-08-04 15:38:47
(epstopdf)                    size: 8811 bytes
(epstopdf)             Command: <repstopdf --outfile=figure49-eps-converted-to.
pdf figure49.eps>
(epstopdf)             \includegraphics on input line 2229.
Package epstopdf Info: Output file is already uptodate.
<figure49-eps-converted-to.pdf, id=955, 342.27875pt x 199.74625pt>
File: figure49-eps-converted-to.pdf Graphic file (type pdf)
<use figure49-eps-converted-to.pdf>
Package pdftex.def Info: figure49-eps-converted-to.pdf  used on input line 2229
.
(pdftex.def)             Requested size: 284.52756pt x 166.0545pt.
 [50] [51 <./figure49-eps-converted-to.pdf>] [52] [53] [54] [55] [56]
Package epstopdf Info: Source file: <figure50.eps>
(epstopdf)                    date: 2019-08-04 15:38:47
(epstopdf)                    size: 29889 bytes
(epstopdf)             Output file: <figure50-eps-converted-to.pdf>
(epstopdf)                    date: 2019-08-04 15:38:47
(epstopdf)                    size: 3964 bytes
(epstopdf)             Command: <repstopdf --outfile=figure50-eps-converted-to.
pdf figure50.eps>
(epstopdf)             \includegraphics on input line 2598.
Package epstopdf Info: Output file is already uptodate.
<figure50-eps-converted-to.pdf, id=1015, 199.74625pt x 199.74625pt>
File: figure50-eps-converted-to.pdf Graphic file (type pdf)
<use figure50-eps-converted-to.pdf>
Package pdftex.def Info: figure50-eps-converted-to.pdf  used on input line 2598
.
(pdftex.def)             Requested size: 170.71652pt x 170.72385pt.
 [57 <./figure50-eps-converted-to.pdf>]
[58] [59]
Package epstopdf Info: Source file: <figure51.eps>
(epstopdf)                    date: 2019-08-04 15:38:47
(epstopdf)                    size: 47995 bytes
(epstopdf)             Output file: <figure51-eps-converted-to.pdf>
(epstopdf)                    date: 2019-08-04 15:38:47
(epstopdf)                    size: 6342 bytes
(epstopdf)             Command: <repstopdf --outfile=figure51-eps-converted-to.
pdf figure51.eps>
(epstopdf)             \includegraphics on input line 2772.
Package epstopdf Info: Output file is already uptodate.
<figure51-eps-converted-to.pdf, id=1035, 342.27875pt x 199.74625pt>
File: figure51-eps-converted-to.pdf Graphic file (type pdf)
<use figure51-eps-converted-to.pdf>
Package pdftex.def Info: figure51-eps-converted-to.pdf  used on input line 2772
.
(pdftex.def)             Requested size: 284.52756pt x 166.0545pt.
Package epstopdf Info: Source file: <figure52.eps>
(epstopdf)                    date: 2019-08-04 15:38:47
(epstopdf)                    size: 47088 bytes
(epstopdf)             Output file: <figure52-eps-converted-to.pdf>
(epstopdf)                    date: 2019-08-04 15:38:47
(epstopdf)                    size: 6293 bytes
(epstopdf)             Command: <repstopdf --outfile=figure52-eps-converted-to.
pdf figure52.eps>
(epstopdf)             \includegraphics on input line 2786.
Package epstopdf Info: Output file is already uptodate.
<figure52-eps-converted-to.pdf, id=1037, 342.27875pt x 199.74625pt>
File: figure52-eps-converted-to.pdf Graphic file (type pdf)
<use figure52-eps-converted-to.pdf>
Package pdftex.def Info: figure52-eps-converted-to.pdf  used on input line 2786
.
(pdftex.def)             Requested size: 284.52756pt x 166.0545pt.
 [60 <./figure51-eps-converted-to.pdf>] [61 <./figure52-eps-converted-to.pdf>]
Chapter 5.
[62

] [63] [64] [65] [66]
Package epstopdf Info: Source file: <figure53.eps>
(epstopdf)                    date: 2019-08-04 15:38:47
(epstopdf)                    size: 51440 bytes
(epstopdf)             Output file: <figure53-eps-converted-to.pdf>
(epstopdf)                    date: 2019-08-04 15:38:47
(epstopdf)                    size: 7509 bytes
(epstopdf)             Command: <repstopdf --outfile=figure53-eps-converted-to.
pdf figure53.eps>
(epstopdf)             \includegraphics on input line 3111.
Package epstopdf Info: Output file is already uptodate.
<figure53-eps-converted-to.pdf, id=1094, 342.27875pt x 199.74625pt>
File: figure53-eps-converted-to.pdf Graphic file (type pdf)
<use figure53-eps-converted-to.pdf>
Package pdftex.def Info: figure53-eps-converted-to.pdf  used on input line 3111
.
(pdftex.def)             Requested size: 284.52756pt x 166.0545pt.
 [67] [68 <./figure53-eps-converted-to.pdf>] [69]
[70] [71] [72] [73] [74] [75]
Chapter 6.
[76

]
Package epstopdf Info: Source file: <figure54.eps>
(epstopdf)                    date: 2019-08-04 15:38:47
(epstopdf)                    size: 44673 bytes
(epstopdf)             Output file: <figure54-eps-converted-to.pdf>
(epstopdf)                    date: 2019-08-04 15:38:47
(epstopdf)                    size: 5161 bytes
(epstopdf)             Command: <repstopdf --outfile=figure54-eps-converted-to.
pdf figure54.eps>
(epstopdf)             \includegraphics on input line 3572.
Package epstopdf Info: Output file is already uptodate.
<figure54-eps-converted-to.pdf, id=1162, 342.27875pt x 199.74625pt>
File: figure54-eps-converted-to.pdf Graphic file (type pdf)
<use figure54-eps-converted-to.pdf>
Package pdftex.def Info: figure54-eps-converted-to.pdf  used on input line 3572
.
(pdftex.def)             Requested size: 284.52756pt x 166.0545pt.
 [77] [78 <./figure54-eps-converted-to.pdf>]
Package epstopdf Info: Source file: <figure55.eps>
(epstopdf)                    date: 2019-08-04 15:38:47
(epstopdf)                    size: 63693 bytes
(epstopdf)             Output file: <figure55-eps-converted-to.pdf>
(epstopdf)                    date: 2019-08-04 15:38:47
(epstopdf)                    size: 7868 bytes
(epstopdf)             Command: <repstopdf --outfile=figure55-eps-converted-to.
pdf figure55.eps>
(epstopdf)             \includegraphics on input line 3657.
Package epstopdf Info: Output file is already uptodate.
<figure55-eps-converted-to.pdf, id=1184, 342.27875pt x 199.74625pt>
File: figure55-eps-converted-to.pdf Graphic file (type pdf)
<use figure55-eps-converted-to.pdf>
Package pdftex.def Info: figure55-eps-converted-to.pdf  used on input line 3657
.
(pdftex.def)             Requested size: 284.52756pt x 166.0545pt.
 [79 <./figure55-eps-converted-to.pdf>]
Package epstopdf Info: Source file: <figure56.eps>
(epstopdf)                    date: 2019-08-04 15:38:47
(epstopdf)                    size: 51030 bytes
(epstopdf)             Output file: <figure56-eps-converted-to.pdf>
(epstopdf)                    date: 2019-08-04 15:38:47
(epstopdf)                    size: 7230 bytes
(epstopdf)             Command: <repstopdf --outfile=figure56-eps-converted-to.
pdf figure56.eps>
(epstopdf)             \includegraphics on input line 3686.
Package epstopdf Info: Output file is already uptodate.
<figure56-eps-converted-to.pdf, id=1200, 286.06876pt x 143.53625pt>
File: figure56-eps-converted-to.pdf Graphic file (type pdf)
<use figure56-eps-converted-to.pdf>
Package pdftex.def Info: figure56-eps-converted-to.pdf  used on input line 3686
.
(pdftex.def)             Requested size: 284.52756pt x 142.76494pt.
Package epstopdf Info: Source file: <figure65.eps>
(epstopdf)                    date: 2019-08-04 15:38:47
(epstopdf)                    size: 88385 bytes
(epstopdf)             Output file: <figure65-eps-converted-to.pdf>
(epstopdf)                    date: 2019-08-04 15:38:47
(epstopdf)                    size: 8708 bytes
(epstopdf)             Command: <repstopdf --outfile=figure65-eps-converted-to.
pdf figure65.eps>
(epstopdf)             \includegraphics on input line 3713.
Package epstopdf Info: Output file is already uptodate.
<figure65-eps-converted-to.pdf, id=1201, 227.85126pt x 115.43124pt>
File: figure65-eps-converted-to.pdf Graphic file (type pdf)
<use figure65-eps-converted-to.pdf>
Package pdftex.def Info: figure65-eps-converted-to.pdf  used on input line 3713
.
(pdftex.def)             Requested size: 227.62204pt x 115.31822pt.
Package epstopdf Info: Source file: <figure66.eps>
(epstopdf)                    date: 2019-08-04 15:38:47
(epstopdf)                    size: 140233 bytes
(epstopdf)             Output file: <figure66-eps-converted-to.pdf>
(epstopdf)                    date: 2019-08-04 15:38:47
(epstopdf)                    size: 14857 bytes
(epstopdf)             Command: <repstopdf --outfile=figure66-eps-converted-to.
pdf figure66.eps>
(epstopdf)             \includegraphics on input line 3735.
Package epstopdf Info: Output file is already uptodate.
<figure66-eps-converted-to.pdf, id=1203, 227.85126pt x 189.70876pt>
File: figure66-eps-converted-to.pdf Graphic file (type pdf)
<use figure66-eps-converted-to.pdf>
Package pdftex.def Info: figure66-eps-converted-to.pdf  used on input line 3735
.
(pdftex.def)             Requested size: 227.62204pt x 189.52301pt.
 [80 <./figure56-eps-converted-to.pdf>] [81 <./figure65-eps-converted-to.pdf> <
./figure66-eps-converted-to.pdf>] [82]
Package epstopdf Info: Source file: <figure57.eps>
(epstopdf)                    date: 2019-08-04 15:38:47
(epstopdf)                    size: 61675 bytes
(epstopdf)             Output file: <figure57-eps-converted-to.pdf>
(epstopdf)                    date: 2019-08-04 15:38:47
(epstopdf)                    size: 10390 bytes
(epstopdf)             Command: <repstopdf --outfile=figure57-eps-converted-to.
pdf figure57.eps>
(epstopdf)             \includegraphics on input line 3848.
Package epstopdf Info: Output file is already uptodate.
<figure57-eps-converted-to.pdf, id=1263, 342.27875pt x 199.74625pt>
File: figure57-eps-converted-to.pdf Graphic file (type pdf)
<use figure57-eps-converted-to.pdf>
Package pdftex.def Info: figure57-eps-converted-to.pdf  used on input line 3848
.
(pdftex.def)             Requested size: 341.43306pt x 199.26723pt.
 [83 <./figure57-eps-converted-to.pdf>]
Package epstopdf Info: Source file: <figure58.eps>
(epstopdf)                    date: 2019-08-04 15:38:47
(epstopdf)                    size: 75114 bytes
(epstopdf)             Output file: <figure58-eps-converted-to.pdf>
(epstopdf)                    date: 2019-08-04 15:38:47
(epstopdf)                    size: 7478 bytes
(epstopdf)             Command: <repstopdf --outfile=figure58-eps-converted-to.
pdf figure58.eps>
(epstopdf)             \includegraphics on input line 3943.
Package epstopdf Info: Output file is already uptodate.
<figure58-eps-converted-to.pdf, id=1276, 342.27875pt x 199.74625pt>
File: figure58-eps-converted-to.pdf Graphic file (type pdf)
<use figure58-eps-converted-to.pdf>
Package pdftex.def Info: figure58-eps-converted-to.pdf  used on input line 3943
.
(pdftex.def)             Requested size: 341.43306pt x 199.26723pt.
 [84]
Package epstopdf Info: Source file: <figure59.eps>
(epstopdf)                    date: 2019-08-04 15:38:47
(epstopdf)                    size: 104932 bytes
(epstopdf)             Output file: <figure59-eps-converted-to.pdf>
(epstopdf)                    date: 2019-08-04 15:38:47
(epstopdf)                    size: 9878 bytes
(epstopdf)             Command: <repstopdf --outfile=figure59-eps-converted-to.
pdf figure59.eps>
(epstopdf)             \includegraphics on input line 3992.
Package epstopdf Info: Output file is already uptodate.
<figure59-eps-converted-to.pdf, id=1293, 342.27875pt x 171.64125pt>
File: figure59-eps-converted-to.pdf Graphic file (type pdf)
<use figure59-eps-converted-to.pdf>
Package pdftex.def Info: figure59-eps-converted-to.pdf  used on input line 3992
.
(pdftex.def)             Requested size: 341.43306pt x 171.22961pt.
 [85 <./figure58-eps-converted-to.pdf>] [86 <./figure59-eps-converted-to.pdf>]
Package epstopdf Info: Source file: <figure60.eps>
(epstopdf)                    date: 2019-08-04 15:38:47
(epstopdf)                    size: 63655 bytes
(epstopdf)             Output file: <figure60-eps-converted-to.pdf>
(epstopdf)                    date: 2019-08-04 15:38:47
(epstopdf)                    size: 7445 bytes
(epstopdf)             Command: <repstopdf --outfile=figure60-eps-converted-to.
pdf figure60.eps>
(epstopdf)             \includegraphics on input line 4053.
Package epstopdf Info: Output file is already uptodate.
<figure60-eps-converted-to.pdf, id=1343, 342.27875pt x 171.64125pt>
File: figure60-eps-converted-to.pdf Graphic file (type pdf)
<use figure60-eps-converted-to.pdf>
Package pdftex.def Info: figure60-eps-converted-to.pdf  used on input line 4053
.
(pdftex.def)             Requested size: 341.43306pt x 171.22961pt.
 [87 <./figure60-eps-converted-to.pdf>] [88]
Package epstopdf Info: Source file: <figure62.eps>
(epstopdf)                    date: 2019-08-04 15:38:47
(epstopdf)                    size: 51691 bytes
(epstopdf)             Output file: <figure62-eps-converted-to.pdf>
(epstopdf)                    date: 2019-08-04 15:38:47
(epstopdf)                    size: 8455 bytes
(epstopdf)             Command: <repstopdf --outfile=figure62-eps-converted-to.
pdf figure62.eps>
(epstopdf)             \includegraphics on input line 4188.
Package epstopdf Info: Output file is already uptodate.
<figure62-eps-converted-to.pdf, id=1370, 342.27875pt x 199.74625pt>
File: figure62-eps-converted-to.pdf Graphic file (type pdf)
<use figure62-eps-converted-to.pdf>
Package pdftex.def Info: figure62-eps-converted-to.pdf  used on input line 4188
.
(pdftex.def)             Requested size: 341.43306pt x 199.26723pt.
Package epstopdf Info: Source file: <figure61.eps>
(epstopdf)                    date: 2019-08-04 15:38:47
(epstopdf)                    size: 45011 bytes
(epstopdf)             Output file: <figure61-eps-converted-to.pdf>
(epstopdf)                    date: 2019-08-04 15:38:47
(epstopdf)                    size: 6209 bytes
(epstopdf)             Command: <repstopdf --outfile=figure61-eps-converted-to.
pdf figure61.eps>
(epstopdf)             \includegraphics on input line 4227.
Package epstopdf Info: Output file is already uptodate.
<figure61-eps-converted-to.pdf, id=1371, 342.27875pt x 199.74625pt>
File: figure61-eps-converted-to.pdf Graphic file (type pdf)
<use figure61-eps-converted-to.pdf>
Package pdftex.def Info: figure61-eps-converted-to.pdf  used on input line 4227
.
(pdftex.def)             Requested size: 341.43306pt x 199.26723pt.
 [89]
Package epstopdf Info: Source file: <figure63.eps>
(epstopdf)                    date: 2019-08-04 15:38:47
(epstopdf)                    size: 46514 bytes
(epstopdf)             Output file: <figure63-eps-converted-to.pdf>
(epstopdf)                    date: 2019-08-04 15:38:47
(epstopdf)                    size: 6474 bytes
(epstopdf)             Command: <repstopdf --outfile=figure63-eps-converted-to.
pdf figure63.eps>
(epstopdf)             \includegraphics on input line 4270.
Package epstopdf Info: Output file is already uptodate.
<figure63-eps-converted-to.pdf, id=1378, 342.27875pt x 199.74625pt>
File: figure63-eps-converted-to.pdf Graphic file (type pdf)
<use figure63-eps-converted-to.pdf>
Package pdftex.def Info: figure63-eps-converted-to.pdf  used on input line 4270
.
(pdftex.def)             Requested size: 341.43306pt x 199.26723pt.
 [90 <./figure62-eps-converted-to.pdf>]
Package atveryend Info: Empty hook `BeforeClearDocument' on input line 4284.
 [91 <./figure61-eps-converted-to.pdf>] [92 <./figure63-eps-converted-to.pdf>]
Package atveryend Info: Empty hook `AfterLastShipout' on input line 4284.
 (./notes.aux)
Package atveryend Info: Executing hook `AtVeryEndDocument' on input line 4284.
Package atveryend Info: Executing hook `AtEndAfterFileList' on input line 4284.

Package rerunfilecheck Info: File `notes.out' has not changed.
(rerunfilecheck)             Checksum: 6A5472B14888F58781736D0A8EF15A17;2605.
Package atveryend Info: Empty hook `AtVeryVeryEnd' on input line 4284.
 ) 
Here is how much of TeX's memory you used:
 9286 strings out of 493731
 139838 string characters out of 6152120
 227995 words of memory out of 5000000
 12515 multiletter control sequences out of 15000+600000
 13061 words of font info for 50 fonts, out of 8000000 for 9000
 430 hyphenation exceptions out of 8191
 50i,15n,42p,240b,521s stack positions out of 5000i,500n,10000p,200000b,80000s
</opt/local/share/texmf-texlive/fonts/type1/public/amsfonts/cm/cmbx10.pfb></o
pt/local/share/texmf-texlive/fonts/type1/public/amsfonts/cm/cmbx12.pfb></opt/lo
cal/share/texmf-texlive/fonts/type1/public/amsfonts/cm/cmex10.pfb></opt/local/s
hare/texmf-texlive/fonts/type1/public/amsfonts/cm/cmmi10.pfb></opt/local/share/
texmf-texlive/fonts/type1/public/amsfonts/cm/cmmi12.pfb></opt/local/share/texmf
-texlive/fonts/type1/public/amsfonts/cm/cmmi5.pfb></opt/local/share/texmf-texli
ve/fonts/type1/public/amsfonts/cm/cmmi6.pfb></opt/local/share/texmf-texlive/fon
ts/type1/public/amsfonts/cm/cmmi7.pfb></opt/local/share/texmf-texlive/fonts/typ
e1/public/amsfonts/cm/cmmi8.pfb></opt/local/share/texmf-texlive/fonts/type1/pub
lic/amsfonts/cm/cmr10.pfb></opt/local/share/texmf-texlive/fonts/type1/public/am
sfonts/cm/cmr12.pfb></opt/local/share/texmf-texlive/fonts/type1/public/amsfonts
/cm/cmr17.pfb></opt/local/share/texmf-texlive/fonts/type1/public/amsfonts/cm/cm
r5.pfb></opt/local/share/texmf-texlive/fonts/type1/public/amsfonts/cm/cmr6.pfb>
</opt/local/share/texmf-texlive/fonts/type1/public/amsfonts/cm/cmr7.pfb></opt/l
ocal/share/texmf-texlive/fonts/type1/public/amsfonts/cm/cmr8.pfb></opt/local/sh
are/texmf-texlive/fonts/type1/public/amsfonts/cm/cmsy10.pfb></opt/local/share/t
exmf-texlive/fonts/type1/public/amsfonts/cm/cmsy5.pfb></opt/local/share/texmf-t
exlive/fonts/type1/public/amsfonts/cm/cmsy7.pfb></opt/local/share/texmf-texlive
/fonts/type1/public/amsfonts/cm/cmsy8.pfb></opt/local/share/texmf-texlive/fonts
/type1/public/amsfonts/cm/cmti10.pfb></opt/local/share/texmf-texlive/fonts/type
1/public/amsfonts/symbols/msbm10.pfb>
Output written on notes.pdf (93 pages, 576568 bytes).
PDF statistics:
 1545 PDF objects out of 1728 (max. 8388607)
 1349 compressed objects within 14 object streams
 346 named destinations out of 1000 (max. 500000)
 646 words of extra memory for PDF output out of 10000 (max. 10000000)

