\BOOKMARK [0][-]{chapter.1}{Introduction}{}% 1
\BOOKMARK [1][-]{section.1.1}{Organization of the Course}{chapter.1}% 2
\BOOKMARK [1][-]{section.1.2}{Other Resources}{chapter.1}% 3
\BOOKMARK [1][-]{section.1.3}{Perspectives and Philosophy}{chapter.1}% 4
\BOOKMARK [0][-]{chapter.2}{Functions \046 Models}{}% 5
\BOOKMARK [1][-]{section.2.1}{Analytic Geometry}{chapter.2}% 6
\BOOKMARK [1][-]{section.2.2}{Functions}{chapter.2}% 7
\BOOKMARK [1][-]{section.2.3}{Types of Functions}{chapter.2}% 8
\BOOKMARK [1][-]{section.2.4}{Properties of Functions}{chapter.2}% 9
\BOOKMARK [1][-]{section.2.5}{Operations on Functions}{chapter.2}% 10
\BOOKMARK [1][-]{section.2.6}{Models}{chapter.2}% 11
\BOOKMARK [1][-]{section.2.7}{Population Growth}{chapter.2}% 12
\BOOKMARK [1][-]{section.2.8}{Autonomous Differential Equations}{chapter.2}% 13
\BOOKMARK [1][-]{section.2.9}{Two Motivating Problems}{chapter.2}% 14
\BOOKMARK [0][-]{chapter.3}{Limits}{}% 15
\BOOKMARK [1][-]{section.3.1}{Limits at Finite Values}{chapter.3}% 16
\BOOKMARK [1][-]{section.3.2}{Limits at Infinity}{chapter.3}% 17
\BOOKMARK [1][-]{section.3.3}{Asymptotic Analysis}{chapter.3}% 18
\BOOKMARK [1][-]{section.3.4}{Determining Asymptotic Order}{chapter.3}% 19
\BOOKMARK [1][-]{section.3.5}{Ratios with Equivalent Asymptotic Order}{chapter.3}% 20
\BOOKMARK [1][-]{section.3.6}{Limits, Asymptotics and Models}{chapter.3}% 21
\BOOKMARK [1][-]{section.3.7}{Continuity}{chapter.3}% 22
\BOOKMARK [0][-]{chapter.4}{Derivatives}{}% 23
\BOOKMARK [1][-]{section.4.1}{Definition of the Derivative}{chapter.4}% 24
\BOOKMARK [1][-]{section.4.2}{Rules for Differentiation}{chapter.4}% 25
\BOOKMARK [1][-]{section.4.3}{Tangent Lines and Implicit Derivatives}{chapter.4}% 26
\BOOKMARK [1][-]{section.4.4}{Higher Derivatives}{chapter.4}% 27
\BOOKMARK [1][-]{section.4.5}{Linear Approximation}{chapter.4}% 28
\BOOKMARK [0][-]{chapter.5}{Integrals}{}% 29
\BOOKMARK [1][-]{section.5.1}{Sigma Notation}{chapter.5}% 30
\BOOKMARK [1][-]{section.5.2}{The Riemann Integral}{chapter.5}% 31
\BOOKMARK [1][-]{section.5.3}{The Fundamental Theorem}{chapter.5}% 32
\BOOKMARK [1][-]{section.5.4}{The Substitution Rule}{chapter.5}% 33
\BOOKMARK [1][-]{section.5.5}{Solving Differential Equations}{chapter.5}% 34
\BOOKMARK [0][-]{chapter.6}{Applications of Derivatives}{}% 35
\BOOKMARK [1][-]{section.6.1}{L'H\364pital's Rule}{chapter.6}% 36
\BOOKMARK [1][-]{section.6.2}{Extrema}{chapter.6}% 37
\BOOKMARK [1][-]{section.6.3}{Optimization}{chapter.6}% 38
\BOOKMARK [1][-]{section.6.4}{Curve Sketching}{chapter.6}% 39
\BOOKMARK [1][-]{section.6.5}{Model Interpretation}{chapter.6}% 40
